<?xml version="1.0" encoding="UTF-8"?>
<!-- Generated by org.testng.reporters.JUnitReportReporter -->
<testsuite hostname="DESKTOP-55K9IPC" failures="0" tests="1" name="javaHandsOn.CountDigits" time="0.017" errors="0" timestamp="2025-01-23T16:52:11 IST" skipped="0">
  <testcase classname="javaHandsOn.CountDigits" name="CountNumberOfEvenAndOddDigits" time="0.017"/>
  <system-out/>
</testsuite> <!-- javaHandsOn.CountDigits -->
