<?xml version="1.0" encoding="UTF-8"?>
<!-- Generated by org.testng.reporters.JUnitReportReporter -->
<testsuite hostname="DESKTOP-55K9IPC" failures="0" tests="1" name="javaHandsOn.PalindromeNumber" time="0.014" errors="0" timestamp="2025-01-23T16:40:32 IST" skipped="0">
  <testcase classname="javaHandsOn.PalindromeNumber" name="test" time="0.014"/>
  <system-out/>
</testsuite> <!-- javaHandsOn.PalindromeNumber -->
