<?xml version="1.0" encoding="UTF-8"?>
<!-- Generated by org.testng.reporters.JUnitReportReporter -->
<testsuite hostname="DESKTOP-55K9IPC" failures="0" tests="1" name="javaHandsOn.Demo" time="0.014" errors="0" timestamp="2025-01-26T12:52:43 IST" skipped="0">
  <testcase classname="javaHandsOn.Demo" name="dummy" time="0.014"/>
  <system-out/>
</testsuite> <!-- javaHandsOn.Demo -->
